<?xml version="1.0" encoding="UTF-8"?>
<!-- Generated by org.testng.reporters.JUnitReportReporter -->
<testsuite skipped="0" hostname="SateeshMacBookPro" name="SeleniumPractice.PopUpExample" tests="1" failures="0" timestamp="06 Mar 2018 04:28:14 GMT" time="9.727" errors="0">
  <testcase name="popUpTest" time="9.727" classname="SeleniumPractice.PopUpExample"/>
</testsuite> <!-- SeleniumPractice.PopUpExample -->
