<?xml version="1.0" encoding="UTF-8"?>
<!-- Generated by org.testng.reporters.JUnitReportReporter -->
<testsuite skipped="0" hostname="SateeshMacBookPro" name="Practice.com.practice.tests.TestNGPractice.ParallelTests" tests="2" failures="0" timestamp="02 Mar 2018 04:53:05 GMT" time="10.029" errors="0">
  <testcase name="test1" time="5.012" classname="Practice.com.practice.tests.TestNGPractice.ParallelTests"/>
  <testcase name="test2" time="5.017" classname="Practice.com.practice.tests.TestNGPractice.ParallelTests"/>
</testsuite> <!-- Practice.com.practice.tests.TestNGPractice.ParallelTests -->
