<?xml version="1.0" encoding="UTF-8"?>
<!-- Generated by org.testng.reporters.JUnitReportReporter -->
<testsuite skipped="0" hostname="SateeshMacBookPro" name="SeleniumPractice.WindowPopUp" tests="1" failures="0" timestamp="07 Mar 2018 00:20:11 GMT" time="6.458" errors="0">
  <testcase name="windowPopUpTest" time="6.458" classname="SeleniumPractice.WindowPopUp"/>
</testsuite> <!-- SeleniumPractice.WindowPopUp -->
