<?xml version="1.0" encoding="UTF-8"?>
<!-- Generated by org.testng.reporters.JUnitReportReporter -->
<testsuite skipped="0" hostname="SateeshMacBookPro" name="Practice.com.practice.tests.TestNGPractice.ParameterizationUsingXml" tests="3" failures="0" timestamp="02 Mar 2018 04:53:05 GMT" time="0.023" errors="0">
  <testcase name="firstTest" time="0.018" classname="Practice.com.practice.tests.TestNGPractice.ParameterizationUsingXml"/>
  <testcase name="thirdTest" time="0.002" classname="Practice.com.practice.tests.TestNGPractice.ParameterizationUsingXml"/>
  <testcase name="secondTest" time="0.003" classname="Practice.com.practice.tests.TestNGPractice.ParameterizationUsingXml"/>
</testsuite> <!-- Practice.com.practice.tests.TestNGPractice.ParameterizationUsingXml -->
