<?xml version="1.0" encoding="UTF-8"?>
<!-- Generated by org.testng.reporters.JUnitReportReporter -->
<testsuite skipped="0" hostname="SateeshMacBookPro" name="TestNGPractice.ParameterizeTest" tests="3" failures="0" timestamp="01 Mar 2018 07:01:25 GMT" time="0.013" errors="0">
  <testcase name="firstTest" time="0.011" classname="TestNGPractice.ParameterizeTest"/>
  <testcase name="thirdTest" time="0.001" classname="TestNGPractice.ParameterizeTest"/>
  <testcase name="secondTest" time="0.001" classname="TestNGPractice.ParameterizeTest"/>
</testsuite> <!-- TestNGPractice.ParameterizeTest -->
