<?xml version="1.0" encoding="UTF-8"?>
<!-- Generated by org.testng.reporters.JUnitReportReporter -->
<testsuite skipped="0" hostname="SateeshMacBookPro" name="SeleniumPractice.LocatorsExample" tests="1" failures="0" timestamp="08 Mar 2018 00:42:43 GMT" time="16.098" errors="0">
  <testcase name="locatorsTest" time="16.098" classname="SeleniumPractice.LocatorsExample"/>
</testsuite> <!-- SeleniumPractice.LocatorsExample -->
