<?xml version="1.0" encoding="UTF-8"?>
<!-- Generated by org.testng.reporters.JUnitReportReporter -->
<testsuite skipped="0" hostname="SateeshMacBookPro" name="SeleniumPractice.RadiobuttonandCheckbox" tests="1" failures="0" timestamp="08 Mar 2018 01:16:58 GMT" time="12.550" errors="0">
  <testcase name="radioandcheckboxtest" time="12.550" classname="SeleniumPractice.RadiobuttonandCheckbox"/>
</testsuite> <!-- SeleniumPractice.RadiobuttonandCheckbox -->
