<?xml version="1.0" encoding="UTF-8"?>
<!-- Generated by org.testng.reporters.JUnitReportReporter -->
<testsuite skipped="0" hostname="SateeshMacBookPro" name="SeleniumPractice.DragandDropExample" tests="1" failures="0" timestamp="07 Mar 2018 23:01:59 GMT" time="11.296" errors="0">
  <testcase name="draganddroptest" time="11.296" classname="SeleniumPractice.DragandDropExample"/>
</testsuite> <!-- SeleniumPractice.DragandDropExample -->
