<?xml version="1.0" encoding="UTF-8"?>
<!-- Generated by org.testng.reporters.JUnitReportReporter -->
<testsuite skipped="0" hostname="SateeshMacBookPro" name="SeleniumPractice.CustomXpathExample" tests="1" failures="0" timestamp="07 Mar 2018 06:43:26 GMT" time="17.629" errors="0">
  <testcase name="customxpathtest" time="17.629" classname="SeleniumPractice.CustomXpathExample"/>
</testsuite> <!-- SeleniumPractice.CustomXpathExample -->
