<?xml version="1.0" encoding="UTF-8"?>
<!-- Generated by org.testng.reporters.JUnitReportReporter -->
<testsuite skipped="0" hostname="SateeshMacBookPro" name="Practice.com.practice.tests.TestNGPractice.ParallelTest2" tests="2" failures="0" timestamp="02 Mar 2018 04:53:05 GMT" time="10.030" errors="0">
  <testcase name="test3" time="5.012" classname="Practice.com.practice.tests.TestNGPractice.ParallelTest2"/>
  <testcase name="test4" time="5.018" classname="Practice.com.practice.tests.TestNGPractice.ParallelTest2"/>
</testsuite> <!-- Practice.com.practice.tests.TestNGPractice.ParallelTest2 -->
