<?xml version="1.0" encoding="UTF-8"?>
<!-- Generated by org.testng.reporters.JUnitReportReporter -->
<testsuite skipped="0" hostname="SateeshMacBookPro" name="TestNGPractice.ParameterizationUsingXml" tests="3" failures="0" timestamp="01 Mar 2018 07:02:32 GMT" time="0.017" errors="0">
  <testcase name="firstTest" time="0.013" classname="TestNGPractice.ParameterizationUsingXml"/>
  <testcase name="thirdTest" time="0.002" classname="TestNGPractice.ParameterizationUsingXml"/>
  <testcase name="secondTest" time="0.002" classname="TestNGPractice.ParameterizationUsingXml"/>
</testsuite> <!-- TestNGPractice.ParameterizationUsingXml -->
