<?xml version="1.0" encoding="UTF-8"?>
<!-- Generated by org.testng.reporters.JUnitReportReporter -->
<testsuite skipped="0" hostname="SateeshMacBookPro" name="TestNGPractice.DataProviderClass" tests="1" failures="0" timestamp="01 Mar 2018 08:37:09 GMT" time="0.631" errors="0">
  <testcase name="userDataProvider" time="0.631" classname="TestNGPractice.DataProviderClass"/>
</testsuite> <!-- TestNGPractice.DataProviderClass -->
