<?xml version="1.0" encoding="UTF-8"?>
<!-- Generated by org.testng.reporters.JUnitReportReporter -->
<testsuite skipped="0" hostname="SateeshMacBookPro" name="Practice.com.practice.tests.TestNGPractice.ParameterizingWithDataProvider" tests="4" failures="0" timestamp="03 Mar 2018 17:56:51 GMT" time="16.310" errors="0">
  <testcase name="registrationTest" time="3.068" classname="Practice.com.practice.tests.TestNGPractice.ParameterizingWithDataProvider"/>
  <testcase name="registrationTest" time="3.946" classname="Practice.com.practice.tests.TestNGPractice.ParameterizingWithDataProvider"/>
  <testcase name="registrationTest" time="6.784" classname="Practice.com.practice.tests.TestNGPractice.ParameterizingWithDataProvider"/>
  <testcase name="registrationTest" time="2.512" classname="Practice.com.practice.tests.TestNGPractice.ParameterizingWithDataProvider"/>
</testsuite> <!-- Practice.com.practice.tests.TestNGPractice.ParameterizingWithDataProvider -->
