<?xml version="1.0" encoding="UTF-8"?>
<!-- Generated by org.testng.reporters.JUnitReportReporter -->
<testsuite skipped="0" hostname="SateeshMacBookPro" name="SeleniumPractice.FindElementsExample" tests="1" failures="0" timestamp="07 Mar 2018 07:02:18 GMT" time="12.156" errors="0">
  <testcase name="tagNametest" time="12.156" classname="SeleniumPractice.FindElementsExample"/>
</testsuite> <!-- SeleniumPractice.FindElementsExample -->
