<?xml version="1.0" encoding="UTF-8"?>
<!-- Generated by org.testng.reporters.JUnitReportReporter -->
<testsuite skipped="0" hostname="SateeshMacBookPro" name="SeleniumPractice.TakeScreenshotExample" tests="1" failures="0" timestamp="07 Mar 2018 23:56:03 GMT" time="7.428" errors="0">
  <testcase name="takeScreenshottest" time="7.428" classname="SeleniumPractice.TakeScreenshotExample"/>
</testsuite> <!-- SeleniumPractice.TakeScreenshotExample -->
